<?xml version="1.0" encoding="UTF-8"?>
<!-- Generated by org.testng.reporters.JUnitReportReporter -->
<testsuite hostname="DESKTOP-25T5UMJ" failures="0" tests="4" name="testCase.LoginPageTest" time="22.682" errors="0" timestamp="2024-10-29T19:17:37 IST" skipped="0">
  <testcase classname="testCase.LoginPageTest" name="verifyLoginWithInValidData" time="4.685"/>
  <system-out/>
  <testcase classname="testCase.LoginPageTest" name="verifyLoginWithInValidData" time="4.406"/>
  <system-out/>
  <testcase classname="testCase.LoginPageTest" name="verifyLoginWithInValidData" time="6.187"/>
  <system-out/>
  <testcase classname="testCase.LoginPageTest" name="verifyLoginWithValidData" time="7.404"/>
  <system-out/>
</testsuite> <!-- testCase.LoginPageTest -->
