<?xml version="1.0" encoding="UTF-8"?>
<!-- Generated by org.testng.reporters.JUnitReportReporter -->
<testsuite hostname="DESKTOP-25T5UMJ" failures="0" tests="1" name="testCase.ManageNewsTest" time="7.577" errors="0" timestamp="2024-10-29T15:49:44 IST" skipped="0">
  <testcase classname="testCase.ManageNewsTest" name="editNews" time="7.577"/>
  <system-out/>
</testsuite> <!-- testCase.ManageNewsTest -->
