<?xml version="1.0" encoding="UTF-8"?>
<!-- Generated by org.testng.reporters.JUnitReportReporter -->
<testsuite hostname="DESKTOP-25T5UMJ" failures="0" tests="4" name="testCase.LoginPageTest" time="10.858" errors="0" timestamp="2024-10-14T12:44:58 IST" skipped="0">
  <testcase classname="testCase.LoginPageTest" name="testCase01" time="2.594"/>
  <testcase classname="testCase.LoginPageTest" name="testCase01" time="2.565"/>
  <testcase classname="testCase.LoginPageTest" name="testCase01" time="3.263"/>
  <testcase classname="testCase.LoginPageTest" name="testCase01" time="2.436"/>
</testsuite> <!-- testCase.LoginPageTest -->
