<?xml version="1.0" encoding="UTF-8"?>
<!-- Generated by org.testng.reporters.JUnitReportReporter -->
<testsuite hostname="DESKTOP-25T5UMJ" failures="0" tests="2" name="testCase.ManageContactTest" time="31.719" errors="0" timestamp="2024-11-04T10:41:35 IST" skipped="1">
  <testcase classname="testCase.ManageContactTest" name="editContact" time="6.116"/>
  <system-out/>
  <testcase classname="testCase.ManageContactTest" name="editContact" time="25.603">
    <skipped/>
  </testcase> <!-- editContact -->
  <system-out/>
</testsuite> <!-- testCase.ManageContactTest -->
