<?xml version="1.0" encoding="UTF-8"?>
<!-- Generated by org.testng.reporters.JUnitReportReporter -->
<testsuite hostname="DESKTOP-25T5UMJ" failures="0" tests="2" name="testCase.CategoryTest" time="14.042" errors="0" timestamp="2024-10-29T11:31:23 IST" skipped="0">
  <testcase classname="testCase.CategoryTest" name="addCategory" time="8.101"/>
  <system-out/>
  <testcase classname="testCase.CategoryTest" name="deleteCategory" time="5.941"/>
  <system-out/>
</testsuite> <!-- testCase.CategoryTest -->
