<?xml version="1.0" encoding="UTF-8"?>
<!-- Generated by org.testng.reporters.JUnitReportReporter -->
<testsuite hostname="DESKTOP-25T5UMJ" failures="0" tests="3" name="testscripts.UserPageTest" time="26.434" errors="0" timestamp="2024-12-06T16:01:09 IST" skipped="0">
  <testcase classname="testscripts.UserPageTest" name="verifyAddNewUser" time="10.007"/>
  <system-out/>
  <testcase classname="testscripts.UserPageTest" name="verifyViewAnExistingUser" time="8.737"/>
  <system-out/>
  <testcase classname="testscripts.UserPageTest" name="verifyDeleteAnExistingUser" time="7.690"/>
  <system-out/>
</testsuite> <!-- testscripts.UserPageTest -->
