<?xml version="1.0" encoding="UTF-8"?>
<!-- Generated by org.testng.reporters.JUnitReportReporter -->
<testsuite hostname="DESKTOP-25T5UMJ" failures="0" tests="6" name="testscripts.LoginTest" time="21.711" errors="0" timestamp="2024-12-06T16:01:09 IST" skipped="0">
  <testcase classname="testscripts.LoginTest" name="verifyUnabletoLoginWithInvalidUsernameAndInvalidPassword" time="3.023"/>
  <system-out/>
  <testcase classname="testscripts.LoginTest" name="verifyUnabletoLoginWithInvalidUsernameAndInvalidPassword" time="3.028"/>
  <system-out/>
  <testcase classname="testscripts.LoginTest" name="verifyUnabletoLoginWithInvalidUsernameAndInvalidPassword" time="3.126"/>
  <system-out/>
  <testcase classname="testscripts.LoginTest" name="verifyUnabletoLoginWithValidUsernameAndInValidPassword" time="3.173"/>
  <system-out/>
  <testcase classname="testscripts.LoginTest" name="verifyLoginWithValidUsernameAndValidPassword" time="4.553"/>
  <system-out/>
  <testcase classname="testscripts.LoginTest" name="verifyUnabletoLoginWithInvalidUsernameAndValidPassword" time="4.808"/>
  <system-out/>
</testsuite> <!-- testscripts.LoginTest -->
